#
# There is insufficient memory for the Java Runtime Environment to continue.
# Native memory allocation (malloc) failed to allocate 38704 bytes for Chunk::new
# Possible reasons:
#   The system is out of physical RAM or swap space
#   The process is running with CompressedOops enabled, and the Java Heap may be blocking the growth of the native heap
# Possible solutions:
#   Reduce memory load on the system
#   Increase physical memory or swap space
#   Check if swap backing store is full
#   Decrease Java heap size (-Xmx/-Xms)
#   Decrease number of Java threads
#   Decrease Java thread stack sizes (-Xss)
#   Set larger code cache with -XX:ReservedCodeCacheSize=
#   JVM is running with Unscaled Compressed Oops mode in which the Java heap is
#     placed in the first 4GB address space. The Java Heap base address is the
#     maximum limit for the native heap growth. Please use -XX:HeapBaseMinAddress
#     to set the Java Heap base and to place the Java Heap above 4GB virtual address.
# This output file may be truncated or incomplete.
#
#  Out of Memory Error (arena.cpp:189), pid=16340, tid=6688
#
# JRE version: Java(TM) SE Runtime Environment (17.0.8+9) (build 17.0.8+9-LTS-211)
# Java VM: Java HotSpot(TM) 64-Bit Server VM (17.0.8+9-LTS-211, mixed mode, sharing, tiered, compressed oops, compressed class ptrs, g1 gc, windows-amd64)
# No core dump will be written. Minidumps are not enabled by default on client versions of Windows
#

---------------  S U M M A R Y ------------

Command Line: -Xmx64m -Xms64m -Dorg.gradle.appname=gradlew org.gradle.wrapper.GradleWrapperMain assembleRelease

Host: AMD Ryzen 5 4600H with Radeon Graphics         , 12 cores, 15G,  Windows 11 , 64 bit Build 22621 (10.0.22621.2506)
Time: Mon Feb 19 18:37:36 2024 Arabie elapsed time: 28.130963 seconds (0d 0h 0m 28s)

---------------  T H R E A D  ---------------

Current thread (0x00000224453f0d40):  JavaThread "main" [_thread_in_vm, id=6688, stack(0x000000d05ad00000,0x000000d05ae00000)]

Stack: [0x000000d05ad00000,0x000000d05ae00000]
Native frames: (J=compiled Java code, j=interpreted, Vv=VM code, C=native code)
V  [jvm.dll+0x677d0a]
V  [jvm.dll+0x7d8c54]
V  [jvm.dll+0x7da3fe]
V  [jvm.dll+0x7daa63]
V  [jvm.dll+0x245c5f]
V  [jvm.dll+0xaaa6b]
V  [jvm.dll+0xab00c]
V  [jvm.dll+0x1f1d58]
V  [jvm.dll+0x1f0ae6]
V  [jvm.dll+0x752b7d]
V  [jvm.dll+0x753f76]
V  [jvm.dll+0x7542a8]
V  [jvm.dll+0x23e01b]
V  [jvm.dll+0x37d84e]
C  0x00000224541db80d

Java frames: (J=compiled Java code, j=interpreted, Vv=VM code)
j  java.io.ObjectInputStream.readNonProxyDesc(Z)Ljava/io/ObjectStreamClass;+20 java.base@17.0.8
j  java.io.ObjectInputStream.readClassDesc(Z)Ljava/io/ObjectStreamClass;+72 java.base@17.0.8
j  java.io.ObjectInputStream.readOrdinaryObject(Z)Ljava/lang/Object;+22 java.base@17.0.8
j  java.io.ObjectInputStream.readObject0(Ljava/lang/Class;Z)Ljava/lang/Object;+494 java.base@17.0.8
j  java.io.ObjectInputStream.readObject(Ljava/lang/Class;)Ljava/lang/Object;+42 java.base@17.0.8
j  java.io.ObjectInputStream.readObject()Ljava/lang/Object;+3 java.base@17.0.8
j  org.gradle.internal.serialize.Message.receive(Ljava/io/InputStream;Ljava/lang/ClassLoader;)Ljava/lang/Object;+11
j  org.gradle.internal.serialize.BaseSerializerFactory$ThrowableSerializer.read(Lorg/gradle/internal/serialize/Decoder;)Ljava/lang/Throwable;+13
j  org.gradle.internal.serialize.BaseSerializerFactory$ThrowableSerializer.read(Lorg/gradle/internal/serialize/Decoder;)Ljava/lang/Object;+2
j  org.gradle.internal.logging.serializer.LogEventSerializer.read(Lorg/gradle/internal/serialize/Decoder;)Lorg/gradle/internal/logging/events/LogEvent;+43
j  org.gradle.internal.logging.serializer.LogEventSerializer.read(Lorg/gradle/internal/serialize/Decoder;)Ljava/lang/Object;+2
J 1552 c2 org.gradle.internal.serialize.DefaultSerializerRegistry$TaggedTypeSerializer.read(Lorg/gradle/internal/serialize/Decoder;)Ljava/lang/Object; (69 bytes) @ 0x00000224547f087c [0x00000224547f0780+0x00000000000000fc]
J 1440 c1 org.gradle.launcher.daemon.protocol.DaemonMessageSerializer$OutputMessageSerializer.read(Lorg/gradle/internal/serialize/Decoder;)Ljava/lang/Object; (6 bytes) @ 0x000002244cf356fc [0x000002244cf35560+0x000000000000019c]
J 1552 c2 org.gradle.internal.serialize.DefaultSerializerRegistry$TaggedTypeSerializer.read(Lorg/gradle/internal/serialize/Decoder;)Ljava/lang/Object; (69 bytes) @ 0x00000224547f087c [0x00000224547f0780+0x00000000000000fc]
J 1417 c1 org.gradle.internal.remote.internal.inet.SocketConnection.receive()Ljava/lang/Object; (142 bytes) @ 0x000002244cf297ec [0x000002244cf29640+0x00000000000001ac]
J 1416 c1 org.gradle.launcher.daemon.client.DaemonClientConnection.receive()Lorg/gradle/launcher/daemon/protocol/Message; (81 bytes) @ 0x000002244cf27ddc [0x000002244cf27d20+0x00000000000000bc]
J 1439 c1 org.gradle.launcher.daemon.client.DaemonClientConnection.receive()Ljava/lang/Object; (5 bytes) @ 0x000002244cf35214 [0x000002244cf351a0+0x0000000000000074]
j  org.gradle.launcher.daemon.client.DaemonClient.monitorBuild(Lorg/gradle/launcher/daemon/protocol/Build;Lorg/gradle/launcher/daemon/diagnostics/DaemonDiagnostics;Lorg/gradle/internal/remote/internal/Connection;Lorg/gradle/initialization/BuildCancellationToken;Lorg/gradle/initialization/BuildEventConsumer;)Ljava/lang/Object;+44
j  org.gradle.launcher.daemon.client.DaemonClient.executeBuild(Lorg/gradle/launcher/daemon/protocol/Build;Lorg/gradle/launcher/daemon/client/DaemonClientConnection;Lorg/gradle/initialization/BuildCancellationToken;Lorg/gradle/initialization/BuildEventConsumer;)Lorg/gradle/launcher/exec/BuildActionResult;+128
j  org.gradle.launcher.daemon.client.DaemonClient.execute(Lorg/gradle/internal/invocation/BuildAction;Lorg/gradle/launcher/exec/BuildActionParameters;Lorg/gradle/initialization/BuildRequestContext;)Lorg/gradle/launcher/exec/BuildActionResult;+135
j  org.gradle.launcher.daemon.client.DaemonClient.execute(Lorg/gradle/internal/invocation/BuildAction;Ljava/lang/Object;Ljava/lang/Object;)Lorg/gradle/launcher/exec/BuildActionResult;+10
j  org.gradle.launcher.cli.RunBuildAction.run()V+74
j  org.gradle.internal.Actions$RunnableActionAdapter.execute(Ljava/lang/Object;)V+4
j  org.gradle.launcher.cli.DefaultCommandLineActionFactory$ParseAndBuildAction.execute(Lorg/gradle/launcher/bootstrap/ExecutionListener;)V+60
j  org.gradle.launcher.cli.DefaultCommandLineActionFactory$ParseAndBuildAction.execute(Ljava/lang/Object;)V+5
j  org.gradle.launcher.cli.DebugLoggerWarningAction.execute(Lorg/gradle/launcher/bootstrap/ExecutionListener;)V+9
j  org.gradle.launcher.cli.DebugLoggerWarningAction.execute(Ljava/lang/Object;)V+5
j  org.gradle.launcher.cli.WelcomeMessageAction.execute(Lorg/gradle/launcher/bootstrap/ExecutionListener;)V+218
j  org.gradle.launcher.cli.WelcomeMessageAction.execute(Ljava/lang/Object;)V+5
j  org.gradle.launcher.cli.NativeServicesInitializingAction.execute(Lorg/gradle/launcher/bootstrap/ExecutionListener;)V+35
j  org.gradle.launcher.cli.NativeServicesInitializingAction.execute(Ljava/lang/Object;)V+5
j  org.gradle.launcher.cli.ExceptionReportingAction.execute(Lorg/gradle/launcher/bootstrap/ExecutionListener;)V+5
j  org.gradle.launcher.cli.ExceptionReportingAction.execute(Ljava/lang/Object;)V+5
j  org.gradle.launcher.cli.DefaultCommandLineActionFactory$WithLogging.execute(Lorg/gradle/launcher/bootstrap/ExecutionListener;)V+299
j  org.gradle.launcher.Main.doAction([Ljava/lang/String;Lorg/gradle/launcher/bootstrap/ExecutionListener;)V+14
j  org.gradle.launcher.bootstrap.EntryPoint.run([Ljava/lang/String;)V+12
v  ~StubRoutines::call_stub
j  jdk.internal.reflect.NativeMethodAccessorImpl.invoke0(Ljava/lang/reflect/Method;Ljava/lang/Object;[Ljava/lang/Object;)Ljava/lang/Object;+0 java.base@17.0.8
j  jdk.internal.reflect.NativeMethodAccessorImpl.invoke(Ljava/lang/Object;[Ljava/lang/Object;)Ljava/lang/Object;+133 java.base@17.0.8
j  jdk.internal.reflect.DelegatingMethodAccessorImpl.invoke(Ljava/lang/Object;[Ljava/lang/Object;)Ljava/lang/Object;+6 java.base@17.0.8
j  java.lang.reflect.Method.invoke(Ljava/lang/Object;[Ljava/lang/Object;)Ljava/lang/Object;+59 java.base@17.0.8
j  org.gradle.launcher.bootstrap.ProcessBootstrap.runNoExit(Ljava/lang/String;[Ljava/lang/String;)V+159
j  org.gradle.launcher.bootstrap.ProcessBootstrap.run(Ljava/lang/String;[Ljava/lang/String;)V+2
v  ~StubRoutines::call_stub
j  jdk.internal.reflect.NativeMethodAccessorImpl.invoke0(Ljava/lang/reflect/Method;Ljava/lang/Object;[Ljava/lang/Object;)Ljava/lang/Object;+0 java.base@17.0.8
j  jdk.internal.reflect.NativeMethodAccessorImpl.invoke(Ljava/lang/Object;[Ljava/lang/Object;)Ljava/lang/Object;+133 java.base@17.0.8
j  jdk.internal.reflect.DelegatingMethodAccessorImpl.invoke(Ljava/lang/Object;[Ljava/lang/Object;)Ljava/lang/Object;+6 java.base@17.0.8
j  java.lang.reflect.Method.invoke(Ljava/lang/Object;[Ljava/lang/Object;)Ljava/lang/Object;+59 java.base@17.0.8
j  org.gradle.launcher.GradleMain.main([Ljava/lang/String;)V+100
v  ~StubRoutines::call_stub
j  jdk.internal.reflect.NativeMethodAccessorImpl.invoke0(Ljava/lang/reflect/Method;Ljava/lang/Object;[Ljava/lang/Object;)Ljava/lang/Object;+0 java.base@17.0.8
j  jdk.internal.reflect.NativeMethodAccessorImpl.invoke(Ljava/lang/Object;[Ljava/lang/Object;)Ljava/lang/Object;+133 java.base@17.0.8
j  jdk.internal.reflect.DelegatingMethodAccessorImpl.invoke(Ljava/lang/Object;[Ljava/lang/Object;)Ljava/lang/Object;+6 java.base@17.0.8
j  java.lang.reflect.Method.invoke(Ljava/lang/Object;[Ljava/lang/Object;)Ljava/lang/Object;+59 java.base@17.0.8
j  org.gradle.wrapper.BootstrapMainStarter.start([Ljava/lang/String;Ljava/io/File;)V+105
j  org.gradle.wrapper.WrapperExecutor.execute([Ljava/lang/String;Lorg/gradle/wrapper/Install;Lorg/gradle/wrapper/BootstrapMainStarter;)V+14
j  org.gradle.wrapper.GradleWrapperMain.main([Ljava/lang/String;)V+190
v  ~StubRoutines::call_stub

---------------  P R O C E S S  ---------------

Threads class SMR info:
_java_thread_list=0x000002245f5767c0, length=15, elements={
0x00000224453f0d40, 0x00000224454a3770, 0x00000224454a45e0, 0x00000224454bde80,
0x00000224454bea30, 0x000002245efc0890, 0x000002245efc1a60, 0x000002245efc2740,
0x000002245efc3130, 0x000002245efc5b30, 0x000002245f22a1c0, 0x000002245f232ad0,
0x000002245fdc1ed0, 0x000002245fd01940, 0x000002245fd02b40
}

Java Threads: ( => current thread )
=>0x00000224453f0d40 JavaThread "main" [_thread_in_vm, id=6688, stack(0x000000d05ad00000,0x000000d05ae00000)]
  0x00000224454a3770 JavaThread "Reference Handler" daemon [_thread_blocked, id=19240, stack(0x000000d05b400000,0x000000d05b500000)]
  0x00000224454a45e0 JavaThread "Finalizer" daemon [_thread_blocked, id=19420, stack(0x000000d05b500000,0x000000d05b600000)]
  0x00000224454bde80 JavaThread "Signal Dispatcher" daemon [_thread_blocked, id=24496, stack(0x000000d05b600000,0x000000d05b700000)]
  0x00000224454bea30 JavaThread "Attach Listener" daemon [_thread_blocked, id=772, stack(0x000000d05b700000,0x000000d05b800000)]
  0x000002245efc0890 JavaThread "Service Thread" daemon [_thread_blocked, id=13356, stack(0x000000d05b800000,0x000000d05b900000)]
  0x000002245efc1a60 JavaThread "Monitor Deflation Thread" daemon [_thread_blocked, id=5732, stack(0x000000d05b900000,0x000000d05ba00000)]
  0x000002245efc2740 JavaThread "C2 CompilerThread0" daemon [_thread_blocked, id=18056, stack(0x000000d05ba00000,0x000000d05bb00000)]
  0x000002245efc3130 JavaThread "C1 CompilerThread0" daemon [_thread_blocked, id=24936, stack(0x000000d05bb00000,0x000000d05bc00000)]
  0x000002245efc5b30 JavaThread "Sweeper thread" daemon [_thread_blocked, id=11964, stack(0x000000d05bc00000,0x000000d05bd00000)]
  0x000002245f22a1c0 JavaThread "Notification Thread" daemon [_thread_blocked, id=13428, stack(0x000000d05bd00000,0x000000d05be00000)]
  0x000002245f232ad0 JavaThread "Common-Cleaner" daemon [_thread_blocked, id=15512, stack(0x000000d05bf00000,0x000000d05c000000)]
  0x000002245fdc1ed0 JavaThread "pool-1-thread-1" [_thread_blocked, id=17828, stack(0x000000d05c600000,0x000000d05c700000)]
  0x000002245fd01940 JavaThread "DisconnectableInputStream source reader" daemon [_thread_in_native, id=5772, stack(0x000000d05c800000,0x000000d05c900000)]
  0x000002245fd02b40 JavaThread "Forward input" [_thread_blocked, id=18544, stack(0x000000d05c900000,0x000000d05ca00000)]

Other Threads:
  0x000002244549e740 VMThread "VM Thread" [stack: 0x000000d05b300000,0x000000d05b400000] [id=15764]
  0x000002244541bf70 WatcherThread [stack: 0x000000d05be00000,0x000000d05bf00000] [id=5560]
  0x0000022445411a60 GCTaskThread "GC Thread#0" [stack: 0x000000d05ae00000,0x000000d05af00000] [id=20236]
  0x000002245fd33130 GCTaskThread "GC Thread#1" [stack: 0x000000d05c100000,0x000000d05c200000] [id=18484]
  0x000002245fd32e80 GCTaskThread "GC Thread#2" [stack: 0x000000d05c200000,0x000000d05c300000] [id=25944]
  0x000002245fd31900 GCTaskThread "GC Thread#3" [stack: 0x000000d05c300000,0x000000d05c400000] [id=21168]
  0x000002245fd32670 GCTaskThread "GC Thread#4" [stack: 0x000000d05c400000,0x000000d05c500000] [id=14060]
  0x000002245fd323c0 GCTaskThread "GC Thread#5" [stack: 0x000000d05c500000,0x000000d05c600000] [id=13172]
  0x00000224454131a0 ConcurrentGCThread "G1 Main Marker" [stack: 0x000000d05af00000,0x000000d05b000000] [id=27352]
  0x0000022445414fc0 ConcurrentGCThread "G1 Conc#0" [stack: 0x000000d05b000000,0x000000d05b100000] [id=724]
  0x0000022445482c80 ConcurrentGCThread "G1 Refine#0" [stack: 0x000000d05b100000,0x000000d05b200000] [id=19632]
  0x00000224454846b0 ConcurrentGCThread "G1 Service" [stack: 0x000000d05b200000,0x000000d05b300000] [id=19924]

Threads with active compile tasks:

VM state: not at safepoint (normal execution)

VM Mutex/Monitor currently owned by a thread: None

Heap address: 0x00000000fc000000, size: 64 MB, Compressed Oops mode: 32-bit

CDS archive(s) mapped at: [0x0000022400000000-0x0000022400bd0000-0x0000022400bd0000), size 12386304, SharedBaseAddress: 0x0000022400000000, ArchiveRelocationMode: 1.
Compressed class space mapped at: 0x0000022401000000-0x0000022441000000, reserved size: 1073741824
Narrow klass base: 0x0000022400000000, Narrow klass shift: 0, Narrow klass range: 0x100000000

GC Precious Log:
 CPUs: 12 total, 12 available
 Memory: 15741M
 Large Page Support: Disabled
 NUMA Support: Disabled
 Compressed Oops: Enabled (32-bit)
 Heap Region Size: 1M
 Heap Min Capacity: 64M
 Heap Initial Capacity: 64M
 Heap Max Capacity: 64M
 Pre-touch: Disabled
 Parallel Workers: 10
 Concurrent Workers: 3
 Concurrent Refinement Workers: 10
 Periodic GC: Disabled

Heap:
 garbage-first heap   total 65536K, used 26872K [0x00000000fc000000, 0x0000000100000000)
  region size 1024K, 20 young (20480K), 3 survivors (3072K)
 Metaspace       used 8962K, committed 9152K, reserved 1114112K
  class space    used 1183K, committed 1280K, reserved 1048576K

Heap Regions: E=young(eden), S=young(survivor), O=old, HS=humongous(starts), HC=humongous(continues), CS=collection set, F=free, OA=open archive, CA=closed archive, TAMS=top-at-mark-start (previous, next)
|   0|0x00000000fc000000, 0x00000000fc100000, 0x00000000fc100000|100%|HS|  |TAMS 0x00000000fc000000, 0x00000000fc000000| Complete 
|   1|0x00000000fc100000, 0x00000000fc200000, 0x00000000fc200000|100%|HC|  |TAMS 0x00000000fc100000, 0x00000000fc100000| Complete 
|   2|0x00000000fc200000, 0x00000000fc300000, 0x00000000fc300000|100%|HC|  |TAMS 0x00000000fc200000, 0x00000000fc200000| Complete 
|   3|0x00000000fc300000, 0x00000000fc400000, 0x00000000fc400000|100%|HC|  |TAMS 0x00000000fc300000, 0x00000000fc300000| Complete 
|   4|0x00000000fc400000, 0x00000000fc500000, 0x00000000fc500000|100%| O|  |TAMS 0x00000000fc400000, 0x00000000fc400000| Untracked 
|   5|0x00000000fc500000, 0x00000000fc600000, 0x00000000fc600000|100%| O|  |TAMS 0x00000000fc500000, 0x00000000fc500000| Untracked 
|   6|0x00000000fc600000, 0x00000000fc700000, 0x00000000fc700000|100%| O|  |TAMS 0x00000000fc600000, 0x00000000fc600000| Untracked 
|   7|0x00000000fc700000, 0x00000000fc73e200, 0x00000000fc800000| 24%| O|  |TAMS 0x00000000fc700000, 0x00000000fc700000| Untracked 
|   8|0x00000000fc800000, 0x00000000fc800000, 0x00000000fc900000|  0%| F|  |TAMS 0x00000000fc800000, 0x00000000fc800000| Untracked 
|   9|0x00000000fc900000, 0x00000000fc900000, 0x00000000fca00000|  0%| F|  |TAMS 0x00000000fc900000, 0x00000000fc900000| Untracked 
|  10|0x00000000fca00000, 0x00000000fca00000, 0x00000000fcb00000|  0%| F|  |TAMS 0x00000000fca00000, 0x00000000fca00000| Untracked 
|  11|0x00000000fcb00000, 0x00000000fcb00000, 0x00000000fcc00000|  0%| F|  |TAMS 0x00000000fcb00000, 0x00000000fcb00000| Untracked 
|  12|0x00000000fcc00000, 0x00000000fcc00000, 0x00000000fcd00000|  0%| F|  |TAMS 0x00000000fcc00000, 0x00000000fcc00000| Untracked 
|  13|0x00000000fcd00000, 0x00000000fcd00000, 0x00000000fce00000|  0%| F|  |TAMS 0x00000000fcd00000, 0x00000000fcd00000| Untracked 
|  14|0x00000000fce00000, 0x00000000fce00000, 0x00000000fcf00000|  0%| F|  |TAMS 0x00000000fce00000, 0x00000000fce00000| Untracked 
|  15|0x00000000fcf00000, 0x00000000fcf00000, 0x00000000fd000000|  0%| F|  |TAMS 0x00000000fcf00000, 0x00000000fcf00000| Untracked 
|  16|0x00000000fd000000, 0x00000000fd000000, 0x00000000fd100000|  0%| F|  |TAMS 0x00000000fd000000, 0x00000000fd000000| Untracked 
|  17|0x00000000fd100000, 0x00000000fd100000, 0x00000000fd200000|  0%| F|  |TAMS 0x00000000fd100000, 0x00000000fd100000| Untracked 
|  18|0x00000000fd200000, 0x00000000fd200000, 0x00000000fd300000|  0%| F|  |TAMS 0x00000000fd200000, 0x00000000fd200000| Untracked 
|  19|0x00000000fd300000, 0x00000000fd300000, 0x00000000fd400000|  0%| F|  |TAMS 0x00000000fd300000, 0x00000000fd300000| Untracked 
|  20|0x00000000fd400000, 0x00000000fd400000, 0x00000000fd500000|  0%| F|  |TAMS 0x00000000fd400000, 0x00000000fd400000| Untracked 
|  21|0x00000000fd500000, 0x00000000fd500000, 0x00000000fd600000|  0%| F|  |TAMS 0x00000000fd500000, 0x00000000fd500000| Untracked 
|  22|0x00000000fd600000, 0x00000000fd600000, 0x00000000fd700000|  0%| F|  |TAMS 0x00000000fd600000, 0x00000000fd600000| Untracked 
|  23|0x00000000fd700000, 0x00000000fd700000, 0x00000000fd800000|  0%| F|  |TAMS 0x00000000fd700000, 0x00000000fd700000| Untracked 
|  24|0x00000000fd800000, 0x00000000fd800000, 0x00000000fd900000|  0%| F|  |TAMS 0x00000000fd800000, 0x00000000fd800000| Untracked 
|  25|0x00000000fd900000, 0x00000000fd900000, 0x00000000fda00000|  0%| F|  |TAMS 0x00000000fd900000, 0x00000000fd900000| Untracked 
|  26|0x00000000fda00000, 0x00000000fda00000, 0x00000000fdb00000|  0%| F|  |TAMS 0x00000000fda00000, 0x00000000fda00000| Untracked 
|  27|0x00000000fdb00000, 0x00000000fdb00000, 0x00000000fdc00000|  0%| F|  |TAMS 0x00000000fdb00000, 0x00000000fdb00000| Untracked 
|  28|0x00000000fdc00000, 0x00000000fdc00000, 0x00000000fdd00000|  0%| F|  |TAMS 0x00000000fdc00000, 0x00000000fdc00000| Untracked 
|  29|0x00000000fdd00000, 0x00000000fdd00000, 0x00000000fde00000|  0%| F|  |TAMS 0x00000000fdd00000, 0x00000000fdd00000| Untracked 
|  30|0x00000000fde00000, 0x00000000fde00000, 0x00000000fdf00000|  0%| F|  |TAMS 0x00000000fde00000, 0x00000000fde00000| Untracked 
|  31|0x00000000fdf00000, 0x00000000fdf00000, 0x00000000fe000000|  0%| F|  |TAMS 0x00000000fdf00000, 0x00000000fdf00000| Untracked 
|  32|0x00000000fe000000, 0x00000000fe000000, 0x00000000fe100000|  0%| F|  |TAMS 0x00000000fe000000, 0x00000000fe000000| Untracked 
|  33|0x00000000fe100000, 0x00000000fe100000, 0x00000000fe200000|  0%| F|  |TAMS 0x00000000fe100000, 0x00000000fe100000| Untracked 
|  34|0x00000000fe200000, 0x00000000fe200000, 0x00000000fe300000|  0%| F|  |TAMS 0x00000000fe200000, 0x00000000fe200000| Untracked 
|  35|0x00000000fe300000, 0x00000000fe300000, 0x00000000fe400000|  0%| F|  |TAMS 0x00000000fe300000, 0x00000000fe300000| Untracked 
|  36|0x00000000fe400000, 0x00000000fe400000, 0x00000000fe500000|  0%| F|  |TAMS 0x00000000fe400000, 0x00000000fe400000| Untracked 
|  37|0x00000000fe500000, 0x00000000fe500000, 0x00000000fe600000|  0%| F|  |TAMS 0x00000000fe500000, 0x00000000fe500000| Untracked 
|  38|0x00000000fe600000, 0x00000000fe700000, 0x00000000fe700000|100%| S|CS|TAMS 0x00000000fe600000, 0x00000000fe600000| Complete 
|  39|0x00000000fe700000, 0x00000000fe800000, 0x00000000fe800000|100%| S|CS|TAMS 0x00000000fe700000, 0x00000000fe700000| Complete 
|  40|0x00000000fe800000, 0x00000000fe900000, 0x00000000fe900000|100%| S|CS|TAMS 0x00000000fe800000, 0x00000000fe800000| Complete 
|  41|0x00000000fe900000, 0x00000000fe900000, 0x00000000fea00000|  0%| F|  |TAMS 0x00000000fe900000, 0x00000000fe900000| Untracked 
|  42|0x00000000fea00000, 0x00000000fea00000, 0x00000000feb00000|  0%| F|  |TAMS 0x00000000fea00000, 0x00000000fea00000| Untracked 
|  43|0x00000000feb00000, 0x00000000feb00000, 0x00000000fec00000|  0%| F|  |TAMS 0x00000000feb00000, 0x00000000feb00000| Untracked 
|  44|0x00000000fec00000, 0x00000000fec00000, 0x00000000fed00000|  0%| F|  |TAMS 0x00000000fec00000, 0x00000000fec00000| Untracked 
|  45|0x00000000fed00000, 0x00000000fed00000, 0x00000000fee00000|  0%| F|  |TAMS 0x00000000fed00000, 0x00000000fed00000| Untracked 
|  46|0x00000000fee00000, 0x00000000fee00000, 0x00000000fef00000|  0%| F|  |TAMS 0x00000000fee00000, 0x00000000fee00000| Untracked 
|  47|0x00000000fef00000, 0x00000000fefa97a8, 0x00000000ff000000| 66%| E|  |TAMS 0x00000000fef00000, 0x00000000fef00000| Complete 
|  48|0x00000000ff000000, 0x00000000ff100000, 0x00000000ff100000|100%| E|CS|TAMS 0x00000000ff000000, 0x00000000ff000000| Complete 
|  49|0x00000000ff100000, 0x00000000ff200000, 0x00000000ff200000|100%| E|CS|TAMS 0x00000000ff100000, 0x00000000ff100000| Complete 
|  50|0x00000000ff200000, 0x00000000ff300000, 0x00000000ff300000|100%| E|CS|TAMS 0x00000000ff200000, 0x00000000ff200000| Complete 
|  51|0x00000000ff300000, 0x00000000ff400000, 0x00000000ff400000|100%| E|CS|TAMS 0x00000000ff300000, 0x00000000ff300000| Complete 
|  52|0x00000000ff400000, 0x00000000ff500000, 0x00000000ff500000|100%| E|CS|TAMS 0x00000000ff400000, 0x00000000ff400000| Complete 
|  53|0x00000000ff500000, 0x00000000ff600000, 0x00000000ff600000|100%| E|CS|TAMS 0x00000000ff500000, 0x00000000ff500000| Complete 
|  54|0x00000000ff600000, 0x00000000ff700000, 0x00000000ff700000|100%| E|CS|TAMS 0x00000000ff600000, 0x00000000ff600000| Complete 
|  55|0x00000000ff700000, 0x00000000ff800000, 0x00000000ff800000|100%| E|CS|TAMS 0x00000000ff700000, 0x00000000ff700000| Complete 
|  56|0x00000000ff800000, 0x00000000ff900000, 0x00000000ff900000|100%| E|CS|TAMS 0x00000000ff800000, 0x00000000ff800000| Complete 
|  57|0x00000000ff900000, 0x00000000ffa00000, 0x00000000ffa00000|100%| E|CS|TAMS 0x00000000ff900000, 0x00000000ff900000| Complete 
|  58|0x00000000ffa00000, 0x00000000ffb00000, 0x00000000ffb00000|100%| E|CS|TAMS 0x00000000ffa00000, 0x00000000ffa00000| Complete 
|  59|0x00000000ffb00000, 0x00000000ffc00000, 0x00000000ffc00000|100%| E|CS|TAMS 0x00000000ffb00000, 0x00000000ffb00000| Complete 
|  60|0x00000000ffc00000, 0x00000000ffd00000, 0x00000000ffd00000|100%| E|CS|TAMS 0x00000000ffc00000, 0x00000000ffc00000| Complete 
|  61|0x00000000ffd00000, 0x00000000ffe00000, 0x00000000ffe00000|100%| E|CS|TAMS 0x00000000ffd00000, 0x00000000ffd00000| Complete 
|  62|0x00000000ffe00000, 0x00000000fff00000, 0x00000000fff00000|100%| E|CS|TAMS 0x00000000ffe00000, 0x00000000ffe00000| Complete 
|  63|0x00000000fff00000, 0x0000000100000000, 0x0000000100000000|100%| E|CS|TAMS 0x00000000fff00000, 0x00000000fff00000| Complete 

Card table byte_map: [0x0000022445310000,0x0000022445330000] _byte_map_base: 0x0000022444b30000

Marking Bits (Prev, Next): (CMBitMap*) 0x0000022445412070, (CMBitMap*) 0x00000224454120b0
 Prev Bits: [0x000002245c1f0000, 0x000002245c2f0000)
 Next Bits: [0x000002245c2f0000, 0x000002245c3f0000)

Polling page: 0x00000224433d0000

Metaspace:

Usage:
  Non-class:      7.60 MB used.
      Class:      1.16 MB used.
       Both:      8.75 MB used.

Virtual space:
  Non-class space:       64.00 MB reserved,       7.69 MB ( 12%) committed,  1 nodes.
      Class space:        1.00 GB reserved,       1.25 MB ( <1%) committed,  1 nodes.
             Both:        1.06 GB reserved,       8.94 MB ( <1%) committed. 

Chunk freelists:
   Non-Class:  8.05 MB
       Class:  14.64 MB
        Both:  22.69 MB

MaxMetaspaceSize: unlimited
CompressedClassSpaceSize: 1.00 GB
Initial GC threshold: 21.00 MB
Current GC threshold: 21.00 MB
CDS: on
MetaspaceReclaimPolicy: balanced
 - commit_granule_bytes: 65536.
 - commit_granule_words: 8192.
 - virtual_space_node_default_size: 8388608.
 - enlarge_chunks_in_place: 1.
 - new_chunks_are_fully_committed: 0.
 - uncommit_free_chunks: 1.
 - use_allocation_guard: 0.
 - handle_deallocations: 1.


Internal statistics:

num_allocs_failed_limit: 0.
num_arena_births: 78.
num_arena_deaths: 0.
num_vsnodes_births: 2.
num_vsnodes_deaths: 0.
num_space_committed: 143.
num_space_uncommitted: 0.
num_chunks_returned_to_freelist: 0.
num_chunks_taken_from_freelist: 303.
num_chunk_merges: 0.
num_chunk_splits: 204.
num_chunks_enlarged: 174.
num_purges: 0.
num_inconsistent_stats: 0.

CodeHeap 'non-profiled nmethods': size=120000Kb used=593Kb max_used=593Kb free=119406Kb
 bounds [0x0000022454760000, 0x00000224549d0000, 0x000002245bc90000]
CodeHeap 'profiled nmethods': size=120000Kb used=3018Kb max_used=3018Kb free=116981Kb
 bounds [0x000002244cc90000, 0x000002244cf90000, 0x00000224541c0000]
CodeHeap 'non-nmethods': size=5760Kb used=1168Kb max_used=1194Kb free=4591Kb
 bounds [0x00000224541c0000, 0x0000022454430000, 0x0000022454760000]
 total_blobs=2068 nmethods=1603 adapters=378
 compilation: enabled
              stopped_count=0, restarted_count=0
 full_count=0

Compilation events (20 events):
Event: 26.560 Thread 0x000002245efc3130 1594       3       org.gradle.internal.logging.console.MultiLineBuildProgressArea::parkCursor (26 bytes)
Event: 26.560 Thread 0x000002245efc3130 nmethod 1594 0x000002244cf7b310 code [0x000002244cf7b4e0, 0x000002244cf7b878]
Event: 26.583 Thread 0x000002245efc3130 1595       3       org.gradle.internal.logging.console.ProgressBar::formatProgress (308 bytes)
Event: 26.585 Thread 0x000002245efc3130 nmethod 1595 0x000002244cf7ba10 code [0x000002244cf7bee0, 0x000002244cf7e118]
Event: 26.585 Thread 0x000002245efc3130 1596       3       org.gradle.internal.logging.format.TersePrettyDurationFormatter::format (5 bytes)
Event: 26.585 Thread 0x000002245efc3130 nmethod 1596 0x000002244cf7ee90 code [0x000002244cf7f020, 0x000002244cf7f168]
Event: 26.653 Thread 0x000002245efc3130 1597       3       java.util.concurrent.locks.AbstractQueuedSynchronizer$ConditionNode::<init> (5 bytes)
Event: 26.653 Thread 0x000002245efc3130 nmethod 1597 0x000002244cf7f210 code [0x000002244cf7f3c0, 0x000002244cf7f578]
Event: 26.653 Thread 0x000002245efc3130 1598       3       java.util.concurrent.locks.AbstractQueuedSynchronizer$Node::<init> (5 bytes)
Event: 26.653 Thread 0x000002245efc3130 nmethod 1598 0x000002244cf7f690 code [0x000002244cf7f820, 0x000002244cf7f978]
Event: 26.750 Thread 0x000002245efc3130 1599       3       java.util.concurrent.locks.AbstractQueuedSynchronizer$ConditionObject::awaitNanos (200 bytes)
Event: 26.751 Thread 0x000002245efc3130 nmethod 1599 0x000002244cf7fa10 code [0x000002244cf7fd00, 0x000002244cf80d88]
Event: 26.806 Thread 0x000002245efc3130 1600       3       jdk.internal.misc.Unsafe::getAndBitwiseAndInt (27 bytes)
Event: 26.806 Thread 0x000002245efc3130 nmethod 1600 0x000002244cf81410 code [0x000002244cf815c0, 0x000002244cf81808]
Event: 26.806 Thread 0x000002245efc3130 1601       3       jdk.internal.misc.Unsafe::putIntOpaque (9 bytes)
Event: 26.806 Thread 0x000002245efc3130 nmethod 1601 0x000002244cf81910 code [0x000002244cf81aa0, 0x000002244cf81bb8]
Event: 27.125 Thread 0x000002245efc3130 1602       3       java.nio.ByteBuffer::position (6 bytes)
Event: 27.126 Thread 0x000002245efc3130 nmethod 1602 0x000002244cf81c90 code [0x000002244cf81e40, 0x000002244cf82008]
Event: 27.205 Thread 0x000002245efc3130 1603       3       java.util.ArrayList::equals (62 bytes)
Event: 27.206 Thread 0x000002245efc3130 nmethod 1603 0x000002244cf82090 code [0x000002244cf822a0, 0x000002244cf829e8]

GC Heap History (2 events):
Event: 0.473 GC heap before
{Heap before GC invocations=0 (full 0):
 garbage-first heap   total 65536K, used 26624K [0x00000000fc000000, 0x0000000100000000)
  region size 1024K, 23 young (23552K), 0 survivors (0K)
 Metaspace       used 3925K, committed 4096K, reserved 1114112K
  class space    used 506K, committed 576K, reserved 1048576K
}
Event: 0.479 GC heap after
{Heap after GC invocations=1 (full 0):
 garbage-first heap   total 65536K, used 10488K [0x00000000fc000000, 0x0000000100000000)
  region size 1024K, 3 young (3072K), 3 survivors (3072K)
 Metaspace       used 3925K, committed 4096K, reserved 1114112K
  class space    used 506K, committed 576K, reserved 1048576K
}

Deoptimization events (20 events):
Event: 0.706 Thread 0x00000224453f0d40 Uncommon trap: trap_request=0xffffff45 fr.pc=0x00000224547c4d6c relative=0x00000000000003cc
Event: 0.706 Thread 0x00000224453f0d40 Uncommon trap: reason=unstable_if action=reinterpret pc=0x00000224547c4d6c method=java.lang.AbstractStringBuilder.isLatin1()Z @ 10 c2
Event: 0.706 Thread 0x00000224453f0d40 DEOPT PACKING pc=0x00000224547c4d6c sp=0x000000d05adfb880
Event: 0.706 Thread 0x00000224453f0d40 DEOPT UNPACKING pc=0x00000224542123a3 sp=0x000000d05adfb800 mode 2
Event: 0.706 Thread 0x00000224453f0d40 Uncommon trap: trap_request=0xffffff45 fr.pc=0x000002245479e478 relative=0x0000000000000458
Event: 0.706 Thread 0x00000224453f0d40 Uncommon trap: reason=unstable_if action=reinterpret pc=0x000002245479e478 method=java.lang.String.substring(II)Ljava/lang/String; @ 31 c2
Event: 0.706 Thread 0x00000224453f0d40 DEOPT PACKING pc=0x000002245479e478 sp=0x000000d05adfb610
Event: 0.706 Thread 0x00000224453f0d40 DEOPT UNPACKING pc=0x00000224542123a3 sp=0x000000d05adfb5c8 mode 2
Event: 0.706 Thread 0x00000224453f0d40 Uncommon trap: trap_request=0xffffff45 fr.pc=0x00000224547b4924 relative=0x0000000000000184
Event: 0.706 Thread 0x00000224453f0d40 Uncommon trap: reason=unstable_if action=reinterpret pc=0x00000224547b4924 method=java.lang.String.lastIndexOf(II)I @ 4 c2
Event: 0.706 Thread 0x00000224453f0d40 DEOPT PACKING pc=0x00000224547b4924 sp=0x000000d05adfb9e0
Event: 0.706 Thread 0x00000224453f0d40 DEOPT UNPACKING pc=0x00000224542123a3 sp=0x000000d05adfb910 mode 2
Event: 0.840 Thread 0x00000224453f0d40 Uncommon trap: trap_request=0xffffff45 fr.pc=0x000002245479c2e8 relative=0x0000000000000628
Event: 0.840 Thread 0x00000224453f0d40 Uncommon trap: reason=unstable_if action=reinterpret pc=0x000002245479c2e8 method=java.lang.AbstractStringBuilder.append(Ljava/lang/String;)Ljava/lang/AbstractStringBuilder; @ 1 c2
Event: 0.840 Thread 0x00000224453f0d40 DEOPT PACKING pc=0x000002245479c2e8 sp=0x000000d05adfc650
Event: 0.840 Thread 0x00000224453f0d40 DEOPT UNPACKING pc=0x00000224542123a3 sp=0x000000d05adfc628 mode 2
Event: 0.865 Thread 0x00000224453f0d40 Uncommon trap: trap_request=0xffffff45 fr.pc=0x00000224547961bc relative=0x000000000000101c
Event: 0.865 Thread 0x00000224453f0d40 Uncommon trap: reason=unstable_if action=reinterpret pc=0x00000224547961bc method=java.util.HashMap.putVal(ILjava/lang/Object;Ljava/lang/Object;ZZ)Ljava/lang/Object; @ 162 c2
Event: 0.866 Thread 0x00000224453f0d40 DEOPT PACKING pc=0x00000224547961bc sp=0x000000d05adfa6b0
Event: 0.866 Thread 0x00000224453f0d40 DEOPT UNPACKING pc=0x00000224542123a3 sp=0x000000d05adfa5f8 mode 2

Classes unloaded (0 events):
No events

Classes redefined (0 events):
No events

Internal exceptions (17 events):
Event: 0.112 Thread 0x00000224453f0d40 Exception <a 'java/lang/NoSuchMethodError'{0x00000000ffc5dfc0}: 'int java.lang.invoke.DirectMethodHandle$Holder.invokeStaticInit(java.lang.Object, java.lang.Object)'> (0x00000000ffc5dfc0) 
thrown [s\open\src\hotspot\share\interpreter\linkResolver.cpp, line 759]
Event: 0.407 Thread 0x00000224453f0d40 Exception <a 'java/lang/NoSuchMethodError'{0x00000000feb85038}: 'void java.lang.invoke.DirectMethodHandle$Holder.invokeStatic(java.lang.Object, java.lang.Object)'> (0x00000000feb85038) 
thrown [s\open\src\hotspot\share\interpreter\linkResolver.cpp, line 759]
Event: 0.424 Thread 0x00000224453f0d40 Exception <a 'java/lang/NoClassDefFoundError'{0x00000000fea0acb0}: org/slf4j/impl/StaticMarkerBinder> (0x00000000fea0acb0) 
thrown [s\open\src\hotspot\share\classfile\systemDictionary.cpp, line 245]
Event: 0.437 Thread 0x00000224453f0d40 Exception <a 'java/lang/NoSuchMethodError'{0x00000000feaa6bc0}: 'java.lang.Object java.lang.invoke.DirectMethodHandle$Holder.invokeVirtual(java.lang.Object, java.lang.Object, java.lang.Object, java.lang.Object, java.lang.Object, java.lang.Object, java.lang.Object)'> (0x00000000feaa6bc0) 
thrown [s\open\src\hotspot\share\interpreter\linkResolver.cpp, line 759]
Event: 0.438 Thread 0x00000224453f0d40 Exception <a 'java/lang/NoSuchMethodError'{0x00000000feab81c0}: 'java.lang.Object java.lang.invoke.Invokers$Holder.invoker(java.lang.Object, java.lang.Object, java.lang.Object)'> (0x00000000feab81c0) 
thrown [s\open\src\hotspot\share\interpreter\linkResolver.cpp, line 759]
Event: 0.439 Thread 0x00000224453f0d40 Exception <a 'java/lang/NoSuchMethodError'{0x00000000feac1290}: 'java.lang.Object java.lang.invoke.DirectMethodHandle$Holder.invokeStatic(java.lang.Object, java.lang.Object, int)'> (0x00000000feac1290) 
thrown [s\open\src\hotspot\share\interpreter\linkResolver.cpp, line 759]
Event: 0.441 Thread 0x00000224453f0d40 Exception <a 'java/lang/NoSuchMethodError'{0x00000000feaccf80}: 'void java.lang.invoke.DelegatingMethodHandle$Holder.delegate(java.lang.Object, java.lang.Object, int, java.lang.Object)'> (0x00000000feaccf80) 
thrown [s\open\src\hotspot\share\interpreter\linkResolver.cpp, line 759]
Event: 0.442 Thread 0x00000224453f0d40 Exception <a 'java/lang/NoSuchMethodError'{0x00000000fead10c8}: 'int java.lang.invoke.DirectMethodHandle$Holder.invokeSpecial(java.lang.Object, java.lang.Object, java.lang.Object)'> (0x00000000fead10c8) 
thrown [s\open\src\hotspot\share\interpreter\linkResolver.cpp, line 759]
Event: 0.444 Thread 0x00000224453f0d40 Exception <a 'java/lang/NoSuchMethodError'{0x00000000feae4210}: 'java.lang.Object java.lang.invoke.Invokers$Holder.invokeExact_MT(java.lang.Object, java.lang.Object, java.lang.Object, java.lang.Object)'> (0x00000000feae4210) 
thrown [s\open\src\hotspot\share\interpreter\linkResolver.cpp, line 759]
Event: 0.544 Thread 0x00000224453f0d40 Exception <a 'java/lang/NoSuchMethodError'{0x00000000ffce4ed0}: 'void java.lang.invoke.DirectMethodHandle$Holder.invokeSpecial(java.lang.Object, java.lang.Object, java.lang.Object)'> (0x00000000ffce4ed0) 
thrown [s\open\src\hotspot\share\interpreter\linkResolver.cpp, line 759]
Event: 0.551 Thread 0x00000224453f0d40 Implicit null exception at 0x00000224547b4d13 to 0x00000224547b514c
Event: 0.551 Thread 0x00000224453f0d40 Implicit null exception at 0x000002245479fe11 to 0x00000224547a023c
Event: 0.567 Thread 0x00000224453f0d40 Exception <a 'java/lang/NoSuchMethodError'{0x00000000ffa7c220}: 'java.lang.Object java.lang.invoke.DirectMethodHandle$Holder.invokeStaticInit(java.lang.Object)'> (0x00000000ffa7c220) 
thrown [s\open\src\hotspot\share\interpreter\linkResolver.cpp, line 759]
Event: 0.639 Thread 0x00000224453f0d40 Exception <a 'java/lang/NoSuchMethodError'{0x00000000ff51ed88}: 'java.lang.Object java.lang.invoke.DirectMethodHandle$Holder.invokeStaticInit(java.lang.Object, int, int, int, int)'> (0x00000000ff51ed88) 
thrown [s\open\src\hotspot\share\interpreter\linkResolver.cpp, line 759]
Event: 0.707 Thread 0x00000224453f0d40 Exception <a 'java/lang/NoSuchMethodError'{0x00000000ff5773d8}: 'java.lang.Object java.lang.invoke.DirectMethodHandle$Holder.invokeStaticInit(java.lang.Object, java.lang.Object, int, int, int, int)'> (0x00000000ff5773d8) 
thrown [s\open\src\hotspot\share\interpreter\linkResolver.cpp, line 759]
Event: 0.826 Thread 0x00000224453f0d40 Exception <a 'java/lang/NoSuchMethodError'{0x00000000ff5a53f0}: 'void java.lang.invoke.DirectMethodHandle$Holder.invokeStatic(java.lang.Object, java.lang.Object, java.lang.Object)'> (0x00000000ff5a53f0) 
thrown [s\open\src\hotspot\share\interpreter\linkResolver.cpp, line 759]
Event: 0.840 Thread 0x00000224453f0d40 Implicit null exception at 0x000002245479bcf2 to 0x000002245479c2d0

VM Operations (20 events):
Event: 17.310 Executing VM operation: Cleanup
Event: 17.310 Executing VM operation: Cleanup done
Event: 18.315 Executing VM operation: Cleanup
Event: 18.315 Executing VM operation: Cleanup done
Event: 19.319 Executing VM operation: Cleanup
Event: 19.319 Executing VM operation: Cleanup done
Event: 20.322 Executing VM operation: Cleanup
Event: 20.323 Executing VM operation: Cleanup done
Event: 21.326 Executing VM operation: Cleanup
Event: 21.326 Executing VM operation: Cleanup done
Event: 22.333 Executing VM operation: Cleanup
Event: 22.333 Executing VM operation: Cleanup done
Event: 23.346 Executing VM operation: Cleanup
Event: 23.346 Executing VM operation: Cleanup done
Event: 24.347 Executing VM operation: Cleanup
Event: 24.348 Executing VM operation: Cleanup done
Event: 25.359 Executing VM operation: Cleanup
Event: 25.359 Executing VM operation: Cleanup done
Event: 27.372 Executing VM operation: Cleanup
Event: 27.372 Executing VM operation: Cleanup done

Events (20 events):
Event: 20.317 loading class jdk/internal/logger/LazyLoggers$1 done
Event: 20.317 loading class jdk/internal/logger/LazyLoggers$LazyLoggerFactories
Event: 20.317 loading class jdk/internal/logger/LazyLoggers$LazyLoggerFactories done
Event: 20.318 loading class jdk/internal/logger/LoggerFinderLoader
Event: 20.318 loading class jdk/internal/logger/LoggerFinderLoader done
Event: 20.319 loading class sun/util/logging/internal/LoggingProviderImpl$JULWrapper
Event: 20.319 loading class sun/util/logging/PlatformLogger$ConfigurableBridge$LoggerConfiguration
Event: 20.319 loading class sun/util/logging/PlatformLogger$ConfigurableBridge$LoggerConfiguration done
Event: 20.319 loading class sun/util/logging/internal/LoggingProviderImpl$JULWrapper done
Event: 20.319 loading class java/io/ObjectInputFilter
Event: 20.319 loading class java/io/ObjectInputFilter done
Event: 20.320 loading class java/io/ObjectInputFilter$Config$BuiltinFilterFactory
Event: 20.320 loading class java/io/ObjectInputFilter$Config$BuiltinFilterFactory done
Event: 20.320 loading class jdk/internal/access/JavaObjectInputFilterAccess
Event: 20.320 loading class jdk/internal/access/JavaObjectInputFilterAccess done
Event: 20.320 loading class java/lang/System$Logger$Level
Event: 20.321 loading class java/lang/System$Logger$Level done
Event: 20.321 loading class java/io/Bits
Event: 20.321 loading class java/io/Bits done
Event: 28.097 loading class java/io/ObjectStreamClass


Dynamic libraries:
0x00007ff70ca40000 - 0x00007ff70ca50000 	C:\Program Files\Java\jdk-17\bin\java.exe
0x00007ffd4cc90000 - 0x00007ffd4cea7000 	C:\WINDOWS\SYSTEM32\ntdll.dll
0x00007ffd4c490000 - 0x00007ffd4c554000 	C:\WINDOWS\System32\KERNEL32.DLL
0x00007ffd4a330000 - 0x00007ffd4a6d6000 	C:\WINDOWS\System32\KERNELBASE.dll
0x00007ffd4a750000 - 0x00007ffd4a861000 	C:\WINDOWS\System32\ucrtbase.dll
0x00007ffd367b0000 - 0x00007ffd367c9000 	C:\Program Files\Java\jdk-17\bin\jli.dll
0x00007ffd38690000 - 0x00007ffd386ab000 	C:\Program Files\Java\jdk-17\bin\VCRUNTIME140.dll
0x00007ffd4bcd0000 - 0x00007ffd4bd83000 	C:\WINDOWS\System32\ADVAPI32.dll
0x00007ffd4bea0000 - 0x00007ffd4bf47000 	C:\WINDOWS\System32\msvcrt.dll
0x00007ffd4ca40000 - 0x00007ffd4cae8000 	C:\WINDOWS\System32\sechost.dll
0x00007ffd4a240000 - 0x00007ffd4a268000 	C:\WINDOWS\System32\bcrypt.dll
0x00007ffd4b2f0000 - 0x00007ffd4b407000 	C:\WINDOWS\System32\RPCRT4.dll
0x00007ffd4bf50000 - 0x00007ffd4c0fe000 	C:\WINDOWS\System32\USER32.dll
0x00007ffd4a050000 - 0x00007ffd4a076000 	C:\WINDOWS\System32\win32u.dll
0x00007ffd2af90000 - 0x00007ffd2b223000 	C:\WINDOWS\WinSxS\amd64_microsoft.windows.common-controls_6595b64144ccf1df_6.0.22621.2506_none_270c5ae97388e100\COMCTL32.dll
0x00007ffd4bda0000 - 0x00007ffd4bdc9000 	C:\WINDOWS\System32\GDI32.dll
0x00007ffd4a080000 - 0x00007ffd4a198000 	C:\WINDOWS\System32\gdi32full.dll
0x00007ffd4a1a0000 - 0x00007ffd4a23a000 	C:\WINDOWS\System32\msvcp_win.dll
0x00007ffd40000000 - 0x00007ffd4000a000 	C:\WINDOWS\SYSTEM32\VERSION.dll
0x00007ffd4c450000 - 0x00007ffd4c481000 	C:\WINDOWS\System32\IMM32.DLL
0x00007ffd45870000 - 0x00007ffd4587c000 	C:\Program Files\Java\jdk-17\bin\vcruntime140_1.dll
0x00007ffd17fb0000 - 0x00007ffd1803e000 	C:\Program Files\Java\jdk-17\bin\msvcp140.dll
0x00007ffd020e0000 - 0x00007ffd02cbe000 	C:\Program Files\Java\jdk-17\bin\server\jvm.dll
0x00007ffd4b510000 - 0x00007ffd4b518000 	C:\WINDOWS\System32\PSAPI.DLL
0x00007ffd31570000 - 0x00007ffd31579000 	C:\WINDOWS\SYSTEM32\WSOCK32.dll
0x00007ffd4c110000 - 0x00007ffd4c181000 	C:\WINDOWS\System32\WS2_32.dll
0x00007ffd43700000 - 0x00007ffd43734000 	C:\WINDOWS\SYSTEM32\WINMM.dll
0x00007ffd48fc0000 - 0x00007ffd48fd8000 	C:\WINDOWS\SYSTEM32\kernel.appcore.dll
0x00007ffd38530000 - 0x00007ffd3853a000 	C:\Program Files\Java\jdk-17\bin\jimage.dll
0x00007ffd398c0000 - 0x00007ffd39af3000 	C:\WINDOWS\SYSTEM32\DBGHELP.DLL
0x00007ffd4c560000 - 0x00007ffd4c8e9000 	C:\WINDOWS\System32\combase.dll
0x00007ffd4cb70000 - 0x00007ffd4cc47000 	C:\WINDOWS\System32\OLEAUT32.dll
0x00007ffd3e410000 - 0x00007ffd3e442000 	C:\WINDOWS\SYSTEM32\dbgcore.DLL
0x00007ffd49fd0000 - 0x00007ffd4a04a000 	C:\WINDOWS\System32\bcryptPrimitives.dll
0x00007ffd36780000 - 0x00007ffd367a5000 	C:\Program Files\Java\jdk-17\bin\java.dll
0x00007ffd0ab90000 - 0x00007ffd0ac67000 	C:\Program Files\Java\jdk-17\bin\jsvml.dll
0x00007ffd4aa00000 - 0x00007ffd4b25a000 	C:\WINDOWS\System32\SHELL32.dll
0x00007ffd47ed0000 - 0x00007ffd487c6000 	C:\WINDOWS\SYSTEM32\windows.storage.dll
0x00007ffd47d90000 - 0x00007ffd47ece000 	C:\WINDOWS\SYSTEM32\wintypes.dll
0x00007ffd4b750000 - 0x00007ffd4b843000 	C:\WINDOWS\System32\SHCORE.dll
0x00007ffd4bdd0000 - 0x00007ffd4be2e000 	C:\WINDOWS\System32\shlwapi.dll
0x00007ffd49f00000 - 0x00007ffd49f26000 	C:\WINDOWS\SYSTEM32\profapi.dll
0x00007ffd36760000 - 0x00007ffd36779000 	C:\Program Files\Java\jdk-17\bin\net.dll
0x00007ffd44080000 - 0x00007ffd441b7000 	C:\WINDOWS\SYSTEM32\WINHTTP.dll
0x00007ffd49430000 - 0x00007ffd49499000 	C:\WINDOWS\system32\mswsock.dll
0x00007ffd36740000 - 0x00007ffd36756000 	C:\Program Files\Java\jdk-17\bin\nio.dll
0x00007ffd32230000 - 0x00007ffd32248000 	C:\Program Files\Java\jdk-17\bin\zip.dll
0x00007ffd321c0000 - 0x00007ffd321d0000 	C:\Program Files\Java\jdk-17\bin\verify.dll
0x00007ffd27bd0000 - 0x00007ffd27bf7000 	C:\Users\ahmed\.gradle\native\68d5fa5c4cc2d200863cafc0d521ce42e7d3e7ee720ec0a83991735586a16f82\windows-amd64\native-platform.dll
0x00007ffd2a6b0000 - 0x00007ffd2a6ba000 	C:\Users\ahmed\.gradle\native\jansi\1.18\windows64\jansi.dll
0x00007ffd2e5a0000 - 0x00007ffd2e5aa000 	C:\Program Files\Java\jdk-17\bin\management.dll
0x00007ffd2a680000 - 0x00007ffd2a68b000 	C:\Program Files\Java\jdk-17\bin\management_ext.dll
0x00007ffd49780000 - 0x00007ffd4979b000 	C:\WINDOWS\SYSTEM32\CRYPTSP.dll
0x00007ffd48f20000 - 0x00007ffd48f55000 	C:\WINDOWS\system32\rsaenh.dll
0x00007ffd494d0000 - 0x00007ffd494fc000 	C:\WINDOWS\SYSTEM32\USERENV.dll
0x00007ffd49760000 - 0x00007ffd4976c000 	C:\WINDOWS\SYSTEM32\CRYPTBASE.dll
0x00007ffd48a30000 - 0x00007ffd48a5d000 	C:\WINDOWS\SYSTEM32\IPHLPAPI.DLL
0x00007ffd4be90000 - 0x00007ffd4be99000 	C:\WINDOWS\System32\NSI.dll
0x00007ffd43e40000 - 0x00007ffd43e59000 	C:\WINDOWS\SYSTEM32\dhcpcsvc6.DLL
0x00007ffd43e10000 - 0x00007ffd43e2f000 	C:\WINDOWS\SYSTEM32\dhcpcsvc.DLL
0x00007ffd48aa0000 - 0x00007ffd48b99000 	C:\WINDOWS\SYSTEM32\DNSAPI.dll
0x00007ffd2a670000 - 0x00007ffd2a67e000 	C:\Program Files\Java\jdk-17\bin\sunmscapi.dll
0x00007ffd4a870000 - 0x00007ffd4a9d6000 	C:\WINDOWS\System32\CRYPT32.dll
0x00007ffd498e0000 - 0x00007ffd4990e000 	C:\WINDOWS\SYSTEM32\ncrypt.dll
0x00007ffd498a0000 - 0x00007ffd498d7000 	C:\WINDOWS\SYSTEM32\NTASN1.dll
0x00007ffd21a50000 - 0x00007ffd21a58000 	C:\WINDOWS\system32\wshunix.dll

dbghelp: loaded successfully - version: 4.0.5 - missing functions: none
symbol engine: initialized successfully - sym options: 0x614 - pdb path: .;C:\Program Files\Java\jdk-17\bin;C:\WINDOWS\SYSTEM32;C:\WINDOWS\WinSxS\amd64_microsoft.windows.common-controls_6595b64144ccf1df_6.0.22621.2506_none_270c5ae97388e100;C:\Program Files\Java\jdk-17\bin\server;C:\Users\ahmed\.gradle\native\68d5fa5c4cc2d200863cafc0d521ce42e7d3e7ee720ec0a83991735586a16f82\windows-amd64;C:\Users\ahmed\.gradle\native\jansi\1.18\windows64

VM Arguments:
jvm_args: -Xmx64m -Xms64m -Dorg.gradle.appname=gradlew 
java_command: org.gradle.wrapper.GradleWrapperMain assembleRelease
java_class_path (initial): G:\ambulant-app\ambulant-app\android\\gradle\wrapper\gradle-wrapper.jar
Launcher Type: SUN_STANDARD

[Global flags]
     intx CICompilerCount                          = 4                                         {product} {ergonomic}
     uint ConcGCThreads                            = 3                                         {product} {ergonomic}
     uint G1ConcRefinementThreads                  = 10                                        {product} {ergonomic}
   size_t G1HeapRegionSize                         = 1048576                                   {product} {ergonomic}
    uintx GCDrainStackTargetSize                   = 64                                        {product} {ergonomic}
   size_t InitialHeapSize                          = 67108864                                  {product} {command line}
   size_t MarkStackSize                            = 4194304                                   {product} {ergonomic}
   size_t MaxHeapSize                              = 67108864                                  {product} {command line}
   size_t MaxNewSize                               = 39845888                                  {product} {ergonomic}
   size_t MinHeapDeltaBytes                        = 1048576                                   {product} {ergonomic}
   size_t MinHeapSize                              = 67108864                                  {product} {command line}
    uintx NonNMethodCodeHeapSize                   = 5839372                                {pd product} {ergonomic}
    uintx NonProfiledCodeHeapSize                  = 122909434                              {pd product} {ergonomic}
    uintx ProfiledCodeHeapSize                     = 122909434                              {pd product} {ergonomic}
    uintx ReservedCodeCacheSize                    = 251658240                              {pd product} {ergonomic}
     bool SegmentedCodeCache                       = true                                      {product} {ergonomic}
   size_t SoftMaxHeapSize                          = 67108864                               {manageable} {ergonomic}
     bool UseCompressedClassPointers               = true                           {product lp64_product} {ergonomic}
     bool UseCompressedOops                        = true                           {product lp64_product} {ergonomic}
     bool UseG1GC                                  = true                                      {product} {ergonomic}
     bool UseLargePagesIndividualAllocation        = false                                  {pd product} {ergonomic}

Logging:
Log output configuration:
 #0: stdout all=warning uptime,level,tags
 #1: stderr all=off uptime,level,tags

Environment Variables:
JAVA_HOME=C:\Program Files\Java\jdk-17
CLASSPATH=G:\ambulant-app\ambulant-app\android\\gradle\wrapper\gradle-wrapper.jar
PATH=d:\forms60\bin;D:\oracle\product\10.2.0\db_1\bin;C:\Program Files\Common Files\Oracle\Java\javapath;G:\instantclient_21_8;d:\orant\bin;C:\mongosh\bin;C:\WINDOWS\system32;C:\WINDOWS;C:\WINDOWS\System32\Wbem;C:\WINDOWS\System32\WindowsPowerShell\v1.0\;C:\WINDOWS\System32\OpenSSH\;d:\orant\jdk\bin;C:\Program Files\Microsoft SQL Server\130\Tools\Binn\;C:\Program Files (x86)\NVIDIA Corporation\PhysX\Common;C:\Program Files\NVIDIA Corporation\NVIDIA NvDLISR;C:\Program Files\nodejs\;C:\Program Files\dotnet\;D:\GESTION\prgbatch\ImportationCmd.exe;C:\Program Files\Git\cmd;d:\forms60\jdk\bin;C:\Program Files\Microsoft SQL Server\150\Tools\Binn\;C:\Program Files\Microsoft SQL Server\Client SDK\ODBC\170\Tools\Binn\;C:\Program Files\PuTTY\;C:\Users\ahmed\AppData\Local\Programs\Python\Launcher\;G:\instantclient_21_8;C:\mongosh\bin;C:\Users\ahmed\AppData\Local\Microsoft\WindowsApps;C:\Users\ahmed\AppData\Roaming\npm;C:\Users\ahmed\AppData\Local\Programs\Microsoft VS Code\bin;C:\Users\ahmed\.dotnet\tools;C:\Program Files (x86)\MongoDB Atlas CLI\;C:\Users\ahmed\AppData\Local\Programs\Fiddler;D:\GESTION\prgbatch\ImportationCmd.exe;;G:\IntelliJ IDEA 2023.2.1\bin;;C:\Users\ahmed\AppData\Local\Microsoft\WindowsApps
USERNAME=ahmed
OS=Windows_NT
PROCESSOR_IDENTIFIER=AMD64 Family 23 Model 96 Stepping 1, AuthenticAMD



---------------  S Y S T E M  ---------------

OS:
 Windows 11 , 64 bit Build 22621 (10.0.22621.2506)
OS uptime: 5 days 7:19 hours
Hyper-V role detected

CPU: total 12 (initial active 12) (12 cores per cpu, 2 threads per core) family 23 model 96 stepping 1 microcode 0x0, cx8, cmov, fxsr, ht, mmx, 3dnowpref, sse, sse2, sse3, ssse3, sse4a, sse4.1, sse4.2, popcnt, lzcnt, tsc, tscinvbit, avx, avx2, aes, clmul, bmi1, bmi2, adx, sha, fma, vzeroupper, clflush, clflushopt, hv

Memory: 4k page, system-wide physical 15741M (874M free)
TotalPageFile size 28826M (AvailPageFile size 597M)
current process WorkingSet (physical memory assigned to process): 89M, peak: 93M
current process commit charge ("private bytes"): 165M, peak: 170M

vm_info: Java HotSpot(TM) 64-Bit Server VM (17.0.8+9-LTS-211) for windows-amd64 JRE (17.0.8+9-LTS-211), built on Jun 14 2023 10:34:31 by "mach5one" with MS VC++ 17.1 (VS2022)

END.
